[debug] [2021-01-08T17:36:44.891Z] ----------------------------------------------------------------------
[debug] [2021-01-08T17:36:44.903Z] Command:       C:\Program Files\nodejs\node.exe C:\Users\chita\AppData\Roaming\npm\node_modules\firebase-tools\lib\bin\firebase.js deploy
[debug] [2021-01-08T17:36:44.905Z] CLI Version:   9.1.0
[debug] [2021-01-08T17:36:44.905Z] Platform:      win32
[debug] [2021-01-08T17:36:44.906Z] Node Version:  v12.18.3
[debug] [2021-01-08T17:36:45.446Z] Time:          Fri Jan 08 2021 18:36:44 GMT+0100 (GMT+01:00)
[debug] [2021-01-08T17:36:45.447Z] ----------------------------------------------------------------------
[debug] [2021-01-08T17:36:45.448Z] 
[debug] [2021-01-08T17:36:45.550Z] > command requires scopes: ["email","openid","https://www.googleapis.com/auth/cloudplatformprojects.readonly","https://www.googleapis.com/auth/firebase","https://www.googleapis.com/auth/cloud-platform"]
[debug] [2021-01-08T17:36:45.553Z] > authorizing via signed-in user
[debug] [2021-01-08T17:36:45.554Z] [iam] checking project arganica-ccbb3 for permissions ["firebase.projects.get","firebasehosting.sites.update"]
[debug] [2021-01-08T17:36:45.570Z] >>> HTTP REQUEST POST https://cloudresourcemanager.googleapis.com/v1/projects/arganica-ccbb3:testIamPermissions  
 {"permissions":["firebase.projects.get","firebasehosting.sites.update"]}
[debug] [2021-01-08T17:36:58.992Z] [iam] error while checking permissions, command may fail: FirebaseError: Server Error. getaddrinfo ENOTFOUND cloudresourcemanager.googleapis.com
[debug] [2021-01-08T17:36:58.996Z] >>> HTTP REQUEST GET https://firebase.googleapis.com/v1beta1/projects/arganica-ccbb3  
 
[debug] [2021-01-08T17:36:59.061Z] Server Error. getaddrinfo ENOTFOUND firebase.googleapis.com
[debug] [2021-01-08T17:36:59.088Z] FirebaseError: Server Error. getaddrinfo ENOTFOUND firebase.googleapis.com
    at Request._callback (C:\Users\chita\AppData\Roaming\npm\node_modules\firebase-tools\lib\api.js:32:31)
    at self.callback (C:\Users\chita\AppData\Roaming\npm\node_modules\firebase-tools\node_modules\request\request.js:185:22)
    at Request.emit (events.js:315:20)
    at Request.EventEmitter.emit (domain.js:483:12)
    at Request.onRequestError (C:\Users\chita\AppData\Roaming\npm\node_modules\firebase-tools\node_modules\request\request.js:877:8)
    at ClientRequest.emit (events.js:327:22)
    at ClientRequest.EventEmitter.emit (domain.js:483:12)
    at TLSSocket.socketErrorListener (_http_client.js:426:9)
    at TLSSocket.emit (events.js:315:20)
    at TLSSocket.EventEmitter.emit (domain.js:483:12)
    at emitErrorNT (internal/streams/destroy.js:92:8)
    at emitErrorAndCloseNT (internal/streams/destroy.js:60:3)
    at processTicksAndRejections (internal/process/task_queues.js:84:21)
[error] 
[error] Error: Failed to get Firebase project arganica-ccbb3. Please make sure the project exists and your account has permission to access it.
